Watching for file changes with StatReloader
Performing system checks...

System check identified some issues:

WARNINGS:
todos.Todo: (models.W042) Auto-created primary key used when not defining a primary key type, by default 'django.db.models.AutoField'.
	HINT: Configure the DEFAULT_AUTO_FIELD setting or the TodosConfig.default_auto_field attribute to point to a subclass of AutoField, e.g. 'django.db.models.BigAutoField'.

System check identified 1 issue (0 silenced).

You have 1 unapplied migration(s). Your project may not work properly until you apply the migrations for app(s): auth.
Run 'python manage.py migrate' to apply them.
October 08, 2022 - 14:18:19
Django version 4.1.2, using settings 'todoApp.settings'
Starting development server at http://0.0.0.0:8000/
Quit the server with CONTROL-C.
[08/Oct/2022 14:18:24] "GET /todos/ HTTP/1.1" 200 4135
[08/Oct/2022 14:18:24] "GET /static/css/style.css HTTP/1.1" 304 0
[08/Oct/2022 14:18:35] "GET /todos/ HTTP/1.1" 200 4135
[08/Oct/2022 14:18:38] "POST /todos/22/update HTTP/1.1" 302 0
[08/Oct/2022 14:18:39] "GET /todos/ HTTP/1.1" 200 4172
[08/Oct/2022 14:18:40] "POST /todos/22/update HTTP/1.1" 302 0
[08/Oct/2022 14:18:40] "GET /todos/ HTTP/1.1" 200 4135
[08/Oct/2022 14:40:52] "GET /todos/ HTTP/1.1" 200 4135
[08/Oct/2022 14:40:52] "GET /static/css/style.css HTTP/1.1" 304 0
[08/Oct/2022 14:41:55] "GET /todos/ HTTP/1.1" 200 4135
